0 info it worked if it ends with ok
1 verbose cli [ 'C:\\Program Files\\nodejs\\node.exe',
1 verbose cli   'C:\\Program Files\\nodejs\\node_modules\\npm\\bin\\npm-cli.js',
1 verbose cli   'run',
1 verbose cli   'json:server' ]
2 info using npm@3.10.8
3 info using node@v6.9.1
4 verbose run-script [ 'prejson:server', 'json:server', 'postjson:server' ]
5 info lifecycle users@1.0.0~prejson:server: users@1.0.0
6 silly lifecycle users@1.0.0~prejson:server: no script for prejson:server, continuing
7 info lifecycle users@1.0.0~json:server: users@1.0.0
8 verbose lifecycle users@1.0.0~json:server: unsafe-perm in lifecycle true
9 verbose lifecycle users@1.0.0~json:server: PATH: C:\Program Files\nodejs\node_modules\npm\bin\node-gyp-bin;C:\Users\Julio Sampaio\repositories\graphql\udemy\graphql-react\users\node_modules\.bin;C:\Program Files\Git\mingw64\bin;C:\Program Files\Git\usr\bin;C:\Users\Julio Sampaio\bin;C:\Program Files\ImageMagick-7.0.4-Q16;C:\ProgramData\Oracle\Java\javapath;C:\WINDOWS\system32;C:\WINDOWS;C:\WINDOWS\System32\Wbem;C:\WINDOWS\System32\WindowsPowerShell\v1.0;C:\Program Files\Java\jdk1.8.0_111\bin;C:\WINDOWS\system32\config\systemprofile\.dnx\bin;C:\Program Files\Microsoft DNX\Dnvm;C:\Program Files\Microsoft SQL Server\130\Tools\Binn;C:\Program Files\Git\cmd;C:\Program Files\nodejs;C:\software\apache-maven-3.3.9\bin;C:\Program Files\ImageMagick-7.0.4-Q16;C:\Ruby23-x64\bin;C:\Users\Julio Sampaio\AppData\Local\Microsoft\WindowsApps;C:\Program Files (x86)\Microsoft VS Code\bin;C:\Users\Julio Sampaio\AppData\Roaming\npm;C:\Program Files\Heroku\bin
10 verbose lifecycle users@1.0.0~json:server: CWD: C:\Users\Julio Sampaio\repositories\graphql\udemy\graphql-react\users
11 silly lifecycle users@1.0.0~json:server: Args: [ '/d /s /c', 'json-server --watch db.json' ]
12 silly lifecycle users@1.0.0~json:server: Returned: code: 3221225786  signal: null
13 info lifecycle users@1.0.0~json:server: Failed to exec json:server script
14 verbose stack Error: users@1.0.0 json:server: `json-server --watch db.json`
14 verbose stack Exit status 3221225786
14 verbose stack     at EventEmitter.<anonymous> (C:\Program Files\nodejs\node_modules\npm\lib\utils\lifecycle.js:255:16)
14 verbose stack     at emitTwo (events.js:106:13)
14 verbose stack     at EventEmitter.emit (events.js:191:7)
14 verbose stack     at ChildProcess.<anonymous> (C:\Program Files\nodejs\node_modules\npm\lib\utils\spawn.js:40:14)
14 verbose stack     at emitTwo (events.js:106:13)
14 verbose stack     at ChildProcess.emit (events.js:191:7)
14 verbose stack     at maybeClose (internal/child_process.js:877:16)
14 verbose stack     at Process.ChildProcess._handle.onexit (internal/child_process.js:226:5)
15 verbose pkgid users@1.0.0
16 verbose cwd C:\Users\Julio Sampaio\repositories\graphql\udemy\graphql-react\users
17 error Windows_NT 10.0.14393
18 error argv "C:\\Program Files\\nodejs\\node.exe" "C:\\Program Files\\nodejs\\node_modules\\npm\\bin\\npm-cli.js" "run" "json:server"
19 error node v6.9.1
20 error npm  v3.10.8
21 error code ELIFECYCLE
22 error users@1.0.0 json:server: `json-server --watch db.json`
22 error Exit status 3221225786
23 error Failed at the users@1.0.0 json:server script 'json-server --watch db.json'.
23 error Make sure you have the latest version of node.js and npm installed.
23 error If you do, this is most likely a problem with the users package,
23 error not with npm itself.
23 error Tell the author that this fails on your system:
23 error     json-server --watch db.json
23 error You can get information on how to open an issue for this project with:
23 error     npm bugs users
23 error Or if that isn't available, you can get their info via:
23 error     npm owner ls users
23 error There is likely additional logging output above.
24 verbose exit [ 1, true ]
